{"E:\\Project\\itune_app\\mocks\\fileMock.js": {"path":"E:\\Project\\itune_app\\mocks\\fileMock.js","statementMap":{},"fnMap":{},"branchMap":{},"s":{},"f":{},"b":{},"_coverageSchema":"43e27e138ebf9cfc5966b082cf9a028302ed4184","hash":"b39ee4af9efe35ae04651de41bfd4f0647e8d599"}
,"E:\\Project\\itune_app\\src\\Constants\\constants.js": {"path":"E:\\Project\\itune_app\\src\\Constants\\constants.js","statementMap":{"0":{"start":{"line":1,"column":27},"end":{"line":1,"column":33}},"1":{"start":{"line":2,"column":24},"end":{"line":2,"column":57}},"2":{"start":{"line":3,"column":28},"end":{"line":7,"column":1}}},"fnMap":{},"branchMap":{},"s":{"0":6,"1":6,"2":6},"f":{},"b":{},"_coverageSchema":"43e27e138ebf9cfc5966b082cf9a028302ed4184","hash":"056db1709c43328dfc5520fa16a528d83861b4e1"}
,"E:\\Project\\itune_app\\src\\Helpers\\actions.js": {"path":"E:\\Project\\itune_app\\src\\Helpers\\actions.js","statementMap":{"0":{"start":{"line":3,"column":31},"end":{"line":6,"column":2}},"1":{"start":{"line":3,"column":48},"end":{"line":6,"column":1}},"2":{"start":{"line":8,"column":30},"end":{"line":11,"column":2}},"3":{"start":{"line":8,"column":42},"end":{"line":11,"column":1}},"4":{"start":{"line":13,"column":37},"end":{"line":16,"column":2}},"5":{"start":{"line":13,"column":56},"end":{"line":16,"column":1}},"6":{"start":{"line":18,"column":37},"end":{"line":21,"column":2}},"7":{"start":{"line":18,"column":47},"end":{"line":21,"column":1}}},"fnMap":{"0":{"name":"(anonymous_0)","decl":{"start":{"line":3,"column":31},"end":{"line":3,"column":32}},"loc":{"start":{"line":3,"column":48},"end":{"line":6,"column":1}},"line":3},"1":{"name":"(anonymous_1)","decl":{"start":{"line":8,"column":30},"end":{"line":8,"column":31}},"loc":{"start":{"line":8,"column":42},"end":{"line":11,"column":1}},"line":8},"2":{"name":"(anonymous_2)","decl":{"start":{"line":13,"column":37},"end":{"line":13,"column":38}},"loc":{"start":{"line":13,"column":56},"end":{"line":16,"column":1}},"line":13},"3":{"name":"(anonymous_3)","decl":{"start":{"line":18,"column":37},"end":{"line":18,"column":38}},"loc":{"start":{"line":18,"column":47},"end":{"line":21,"column":1}},"line":18}},"branchMap":{},"s":{"0":2,"1":6,"2":2,"3":3,"4":2,"5":1,"6":2,"7":0},"f":{"0":6,"1":3,"2":1,"3":0},"b":{},"_coverageSchema":"43e27e138ebf9cfc5966b082cf9a028302ed4184","hash":"8f32c5680dd3e91d5572a16669ca5c4d6c116614"}
,"E:\\Project\\itune_app\\src\\Helpers\\helpers.js": {"path":"E:\\Project\\itune_app\\src\\Helpers\\helpers.js","statementMap":{"0":{"start":{"line":3,"column":29},"end":{"line":4,"column":52}},"1":{"start":{"line":4,"column":2},"end":{"line":4,"column":52}},"2":{"start":{"line":6,"column":23},"end":{"line":6,"column":58}},"3":{"start":{"line":6,"column":32},"end":{"line":6,"column":58}},"4":{"start":{"line":8,"column":35},"end":{"line":9,"column":51}},"5":{"start":{"line":9,"column":2},"end":{"line":9,"column":51}},"6":{"start":{"line":9,"column":25},"end":{"line":9,"column":50}}},"fnMap":{"0":{"name":"(anonymous_0)","decl":{"start":{"line":3,"column":29},"end":{"line":3,"column":30}},"loc":{"start":{"line":4,"column":2},"end":{"line":4,"column":52}},"line":4},"1":{"name":"(anonymous_1)","decl":{"start":{"line":6,"column":23},"end":{"line":6,"column":24}},"loc":{"start":{"line":6,"column":32},"end":{"line":6,"column":58}},"line":6},"2":{"name":"(anonymous_2)","decl":{"start":{"line":8,"column":35},"end":{"line":8,"column":36}},"loc":{"start":{"line":9,"column":2},"end":{"line":9,"column":51}},"line":9},"3":{"name":"(anonymous_3)","decl":{"start":{"line":9,"column":15},"end":{"line":9,"column":16}},"loc":{"start":{"line":9,"column":25},"end":{"line":9,"column":50}},"line":9}},"branchMap":{"0":{"loc":{"start":{"line":4,"column":2},"end":{"line":4,"column":52}},"type":"binary-expr","locations":[{"start":{"line":4,"column":2},"end":{"line":4,"column":13}},{"start":{"line":4,"column":17},"end":{"line":4,"column":52}}],"line":4}},"s":{"0":5,"1":3,"2":5,"3":0,"4":5,"5":3,"6":9},"f":{"0":3,"1":0,"2":3,"3":9},"b":{"0":[3,2]},"_coverageSchema":"43e27e138ebf9cfc5966b082cf9a028302ed4184","hash":"f56c1559e5cf96188ccf09591655c3a1f734330b"}
,"E:\\Project\\itune_app\\src\\LayoutComponents\\Body.js": {"path":"E:\\Project\\itune_app\\src\\LayoutComponents\\Body.js","statementMap":{"0":{"start":{"line":9,"column":20},"end":{"line":30,"column":1}},"1":{"start":{"line":10,"column":2},"end":{"line":29,"column":5}},"2":{"start":{"line":32,"column":40},"end":{"line":32,"column":51}},"3":{"start":{"line":33,"column":25},"end":{"line":33,"column":39}},"4":{"start":{"line":34,"column":2},"end":{"line":34,"column":58}}},"fnMap":{"0":{"name":"(anonymous_0)","decl":{"start":{"line":9,"column":20},"end":{"line":9,"column":21}},"loc":{"start":{"line":10,"column":2},"end":{"line":29,"column":5}},"line":10},"1":{"name":"(anonymous_1)","decl":{"start":{"line":31,"column":23},"end":{"line":31,"column":24}},"loc":{"start":{"line":31,"column":34},"end":{"line":35,"column":1}},"line":31}},"branchMap":{"0":{"loc":{"start":{"line":11,"column":5},"end":{"line":11,"column":29}},"type":"binary-expr","locations":[{"start":{"line":11,"column":5},"end":{"line":11,"column":15}},{"start":{"line":11,"column":19},"end":{"line":11,"column":29}}],"line":11},"1":{"loc":{"start":{"line":12,"column":5},"end":{"line":28,"column":5}},"type":"cond-expr","locations":[{"start":{"line":13,"column":6},"end":{"line":13,"column":28}},{"start":{"line":14,"column":8},"end":{"line":28,"column":5}}],"line":12},"2":{"loc":{"start":{"line":12,"column":5},"end":{"line":12,"column":40}},"type":"binary-expr","locations":[{"start":{"line":12,"column":5},"end":{"line":12,"column":10}},{"start":{"line":12,"column":14},"end":{"line":12,"column":30}},{"start":{"line":12,"column":34},"end":{"line":12,"column":40}}],"line":12},"3":{"loc":{"start":{"line":14,"column":8},"end":{"line":28,"column":5}},"type":"cond-expr","locations":[{"start":{"line":15,"column":6},"end":{"line":17,"column":12}},{"start":{"line":19,"column":6},"end":{"line":27,"column":12}}],"line":14},"4":{"loc":{"start":{"line":20,"column":9},"end":{"line":26,"column":9}},"type":"cond-expr","locations":[{"start":{"line":21,"column":10},"end":{"line":21,"column":66}},{"start":{"line":23,"column":10},"end":{"line":25,"column":19}}],"line":20},"5":{"loc":{"start":{"line":20,"column":9},"end":{"line":20,"column":36}},"type":"binary-expr","locations":[{"start":{"line":20,"column":9},"end":{"line":20,"column":14}},{"start":{"line":20,"column":18},"end":{"line":20,"column":36}}],"line":20}},"s":{"0":1,"1":5,"2":0,"3":0,"4":0},"f":{"0":5,"1":0},"b":{"0":[5,0],"1":[2,3],"2":[5,2,2],"3":[1,2],"4":[0,2],"5":[2,0]},"_coverageSchema":"43e27e138ebf9cfc5966b082cf9a028302ed4184","hash":"55163006765998bf7c7ee08ec565c2da2e1acc55"}
,"E:\\Project\\itune_app\\src\\LayoutComponents\\BodyComponents\\EmptyMessage.js": {"path":"E:\\Project\\itune_app\\src\\LayoutComponents\\BodyComponents\\EmptyMessage.js","statementMap":{"0":{"start":{"line":4,"column":21},"end":{"line":10,"column":1}},"1":{"start":{"line":5,"column":2},"end":{"line":9,"column":4}}},"fnMap":{"0":{"name":"(anonymous_0)","decl":{"start":{"line":4,"column":21},"end":{"line":4,"column":22}},"loc":{"start":{"line":5,"column":2},"end":{"line":9,"column":4}},"line":5}},"branchMap":{},"s":{"0":2,"1":1},"f":{"0":1},"b":{},"_coverageSchema":"43e27e138ebf9cfc5966b082cf9a028302ed4184","hash":"6628ae1adb3c96a45688357958e0af34de21d9e9"}
,"E:\\Project\\itune_app\\src\\LayoutComponents\\BodyComponents\\ErrorMessage.js": {"path":"E:\\Project\\itune_app\\src\\LayoutComponents\\BodyComponents\\ErrorMessage.js","statementMap":{"0":{"start":{"line":4,"column":21},"end":{"line":4,"column":58}},"1":{"start":{"line":4,"column":32},"end":{"line":4,"column":58}}},"fnMap":{"0":{"name":"(anonymous_0)","decl":{"start":{"line":4,"column":21},"end":{"line":4,"column":22}},"loc":{"start":{"line":4,"column":32},"end":{"line":4,"column":58}},"line":4}},"branchMap":{},"s":{"0":1,"1":1},"f":{"0":1},"b":{},"_coverageSchema":"43e27e138ebf9cfc5966b082cf9a028302ed4184","hash":"ca03febc0839b6a9a3d50b799186c0b9442ba91f"}
,"E:\\Project\\itune_app\\src\\LayoutComponents\\BodyComponents\\Grid.js": {"path":"E:\\Project\\itune_app\\src\\LayoutComponents\\BodyComponents\\Grid.js","statementMap":{"0":{"start":{"line":5,"column":13},"end":{"line":13,"column":1}},"1":{"start":{"line":6,"column":2},"end":{"line":12,"column":8}},"2":{"start":{"line":10,"column":32},"end":{"line":10,"column":60}}},"fnMap":{"0":{"name":"(anonymous_0)","decl":{"start":{"line":5,"column":13},"end":{"line":5,"column":14}},"loc":{"start":{"line":6,"column":2},"end":{"line":12,"column":8}},"line":6},"1":{"name":"(anonymous_1)","decl":{"start":{"line":10,"column":18},"end":{"line":10,"column":19}},"loc":{"start":{"line":10,"column":32},"end":{"line":10,"column":60}},"line":10}},"branchMap":{"0":{"loc":{"start":{"line":5,"column":16},"end":{"line":5,"column":26}},"type":"default-arg","locations":[{"start":{"line":5,"column":24},"end":{"line":5,"column":26}}],"line":5}},"s":{"0":1,"1":2,"2":8},"f":{"0":2,"1":8},"b":{"0":[0]},"_coverageSchema":"43e27e138ebf9cfc5966b082cf9a028302ed4184","hash":"bbe96d55e906ac4020f25f15dbafae3dc7af7133"}
,"E:\\Project\\itune_app\\src\\LayoutComponents\\BodyComponents\\GridItem.js": {"path":"E:\\Project\\itune_app\\src\\LayoutComponents\\BodyComponents\\GridItem.js","statementMap":{"0":{"start":{"line":6,"column":17},"end":{"line":18,"column":1}},"1":{"start":{"line":7,"column":2},"end":{"line":17,"column":14}},"2":{"start":{"line":9,"column":19},"end":{"line":9,"column":50}}},"fnMap":{"0":{"name":"(anonymous_0)","decl":{"start":{"line":6,"column":17},"end":{"line":6,"column":18}},"loc":{"start":{"line":7,"column":2},"end":{"line":17,"column":14}},"line":7},"1":{"name":"(anonymous_1)","decl":{"start":{"line":9,"column":13},"end":{"line":9,"column":14}},"loc":{"start":{"line":9,"column":19},"end":{"line":9,"column":50}},"line":9}},"branchMap":{"0":{"loc":{"start":{"line":12,"column":40},"end":{"line":12,"column":70}},"type":"binary-expr","locations":[{"start":{"line":12,"column":40},"end":{"line":12,"column":57}},{"start":{"line":12,"column":61},"end":{"line":12,"column":70}}],"line":12}},"s":{"0":2,"1":11,"2":0},"f":{"0":11,"1":0},"b":{"0":[11,10]},"_coverageSchema":"43e27e138ebf9cfc5966b082cf9a028302ed4184","hash":"eff929925d16d60d7ed58b6da1064c2e973697e5"}
,"E:\\Project\\itune_app\\src\\LayoutComponents\\BodyComponents\\Loader.js": {"path":"E:\\Project\\itune_app\\src\\LayoutComponents\\BodyComponents\\Loader.js","statementMap":{"0":{"start":{"line":5,"column":15},"end":{"line":11,"column":1}},"1":{"start":{"line":6,"column":2},"end":{"line":10,"column":8}}},"fnMap":{"0":{"name":"(anonymous_0)","decl":{"start":{"line":5,"column":15},"end":{"line":5,"column":16}},"loc":{"start":{"line":6,"column":2},"end":{"line":10,"column":8}},"line":6}},"branchMap":{},"s":{"0":1,"1":0},"f":{"0":0},"b":{},"_coverageSchema":"43e27e138ebf9cfc5966b082cf9a028302ed4184","hash":"9d4900b6d35d95db780a6762360dab1b3dfae407"}
,"E:\\Project\\itune_app\\src\\LayoutComponents\\BodyComponents\\WelcomeMessage.js": {"path":"E:\\Project\\itune_app\\src\\LayoutComponents\\BodyComponents\\WelcomeMessage.js","statementMap":{"0":{"start":{"line":3,"column":23},"end":{"line":5,"column":1}},"1":{"start":{"line":4,"column":2},"end":{"line":4,"column":79}}},"fnMap":{"0":{"name":"(anonymous_0)","decl":{"start":{"line":3,"column":23},"end":{"line":3,"column":24}},"loc":{"start":{"line":3,"column":29},"end":{"line":5,"column":1}},"line":3}},"branchMap":{},"s":{"0":1,"1":2},"f":{"0":2},"b":{},"_coverageSchema":"43e27e138ebf9cfc5966b082cf9a028302ed4184","hash":"b4940729682b69d52620753826459be913030c28"}
,"E:\\Project\\itune_app\\src\\LayoutComponents\\HeaderComponents\\SearchBar.js": {"path":"E:\\Project\\itune_app\\src\\LayoutComponents\\HeaderComponents\\SearchBar.js","statementMap":{"0":{"start":{"line":9,"column":19},"end":{"line":9,"column":24}},"1":{"start":{"line":11,"column":25},"end":{"line":25,"column":1}},"2":{"start":{"line":12,"column":2},"end":{"line":24,"column":8}},"3":{"start":{"line":17,"column":26},"end":{"line":17,"column":51}},"4":{"start":{"line":18,"column":27},"end":{"line":18,"column":58}},"5":{"start":{"line":27,"column":24},"end":{"line":30,"column":1}},"6":{"start":{"line":28,"column":27},"end":{"line":28,"column":38}},"7":{"start":{"line":29,"column":2},"end":{"line":29,"column":26}},"8":{"start":{"line":32,"column":26},"end":{"line":46,"column":2}},"9":{"start":{"line":32,"column":41},"end":{"line":46,"column":1}},"10":{"start":{"line":34,"column":4},"end":{"line":37,"column":6}},"11":{"start":{"line":39,"column":4},"end":{"line":44,"column":5}},"12":{"start":{"line":40,"column":6},"end":{"line":43,"column":9}}},"fnMap":{"0":{"name":"(anonymous_0)","decl":{"start":{"line":11,"column":25},"end":{"line":11,"column":26}},"loc":{"start":{"line":12,"column":2},"end":{"line":24,"column":8}},"line":12},"1":{"name":"(anonymous_1)","decl":{"start":{"line":17,"column":20},"end":{"line":17,"column":21}},"loc":{"start":{"line":17,"column":26},"end":{"line":17,"column":51}},"line":17},"2":{"name":"(anonymous_2)","decl":{"start":{"line":18,"column":20},"end":{"line":18,"column":21}},"loc":{"start":{"line":18,"column":27},"end":{"line":18,"column":58}},"line":18},"3":{"name":"(anonymous_3)","decl":{"start":{"line":27,"column":24},"end":{"line":27,"column":25}},"loc":{"start":{"line":27,"column":35},"end":{"line":30,"column":1}},"line":27},"4":{"name":"(anonymous_4)","decl":{"start":{"line":32,"column":26},"end":{"line":32,"column":27}},"loc":{"start":{"line":32,"column":41},"end":{"line":46,"column":1}},"line":32},"5":{"name":"(anonymous_5)","decl":{"start":{"line":33,"column":19},"end":{"line":33,"column":20}},"loc":{"start":{"line":34,"column":4},"end":{"line":37,"column":6}},"line":34},"6":{"name":"(anonymous_6)","decl":{"start":{"line":38,"column":15},"end":{"line":38,"column":16}},"loc":{"start":{"line":38,"column":33},"end":{"line":45,"column":3}},"line":38}},"branchMap":{"0":{"loc":{"start":{"line":39,"column":4},"end":{"line":44,"column":5}},"type":"if","locations":[{"start":{"line":39,"column":4},"end":{"line":44,"column":5}},{"start":{"line":39,"column":4},"end":{"line":44,"column":5}}],"line":39}},"s":{"0":1,"1":1,"2":3,"3":1,"4":1,"5":1,"6":0,"7":0,"8":1,"9":0,"10":0,"11":0,"12":0},"f":{"0":3,"1":1,"2":1,"3":0,"4":0,"5":0,"6":0},"b":{"0":[0,0]},"_coverageSchema":"43e27e138ebf9cfc5966b082cf9a028302ed4184","hash":"f87bd666f9446fb9e6a384e754d4e7b54cd3768b"}
,"E:\\Project\\itune_app\\src\\Reducers\\actionTypes.js": {"path":"E:\\Project\\itune_app\\src\\Reducers\\actionTypes.js","statementMap":{"0":{"start":{"line":1,"column":14},"end":{"line":6,"column":1}}},"fnMap":{},"branchMap":{},"s":{"0":3},"f":{},"b":{},"_coverageSchema":"43e27e138ebf9cfc5966b082cf9a028302ed4184","hash":"7facb24e818f6865321da53b8e9e556cd634fcce"}
,"E:\\Project\\itune_app\\src\\Sagas\\saga.js": {"path":"E:\\Project\\itune_app\\src\\Sagas\\saga.js","statementMap":{"0":{"start":{"line":14,"column":2},"end":{"line":27,"column":3}},"1":{"start":{"line":15,"column":29},"end":{"line":15,"column":35}},"2":{"start":{"line":16,"column":4},"end":{"line":16,"column":37}},"3":{"start":{"line":17,"column":21},"end":{"line":17,"column":61}},"4":{"start":{"line":18,"column":26},"end":{"line":18,"column":55}},"5":{"start":{"line":19,"column":4},"end":{"line":19,"column":45}},"6":{"start":{"line":20,"column":4},"end":{"line":22,"column":5}},"7":{"start":{"line":21,"column":6},"end":{"line":21,"column":43}},"8":{"start":{"line":23,"column":4},"end":{"line":23,"column":38}},"9":{"start":{"line":25,"column":4},"end":{"line":25,"column":48}},"10":{"start":{"line":26,"column":4},"end":{"line":26,"column":38}},"11":{"start":{"line":31,"column":2},"end":{"line":31,"column":66}}},"fnMap":{"0":{"name":"fetchSongsWorker","decl":{"start":{"line":13,"column":17},"end":{"line":13,"column":33}},"loc":{"start":{"line":13,"column":42},"end":{"line":28,"column":1}},"line":13},"1":{"name":"fetchSongsWatcher","decl":{"start":{"line":30,"column":10},"end":{"line":30,"column":27}},"loc":{"start":{"line":30,"column":30},"end":{"line":32,"column":1}},"line":30}},"branchMap":{"0":{"loc":{"start":{"line":20,"column":4},"end":{"line":22,"column":5}},"type":"if","locations":[{"start":{"line":20,"column":4},"end":{"line":22,"column":5}},{"start":{"line":20,"column":4},"end":{"line":22,"column":5}}],"line":20},"1":{"loc":{"start":{"line":20,"column":8},"end":{"line":20,"column":45}},"type":"binary-expr","locations":[{"start":{"line":20,"column":8},"end":{"line":20,"column":21}},{"start":{"line":20,"column":25},"end":{"line":20,"column":45}}],"line":20}},"s":{"0":3,"1":3,"2":3,"3":2,"4":1,"5":1,"6":0,"7":0,"8":0,"9":0,"10":0,"11":1},"f":{"0":3,"1":1},"b":{"0":[0,0],"1":[0,0]},"_coverageSchema":"43e27e138ebf9cfc5966b082cf9a028302ed4184","hash":"bf4f751af0b5c2baacb40a667448d59507f2dc85"}
,"E:\\Project\\itune_app\\src\\Sagas\\sagaActionTypes.js": {"path":"E:\\Project\\itune_app\\src\\Sagas\\sagaActionTypes.js","statementMap":{"0":{"start":{"line":1,"column":24},"end":{"line":3,"column":1}}},"fnMap":{},"branchMap":{},"s":{"0":2},"f":{},"b":{},"_coverageSchema":"43e27e138ebf9cfc5966b082cf9a028302ed4184","hash":"20ac34dc475216af12a2852309111b80e8cb3139"}
,"E:\\Project\\itune_app\\src\\Services\\songs.js": {"path":"E:\\Project\\itune_app\\src\\Services\\songs.js","statementMap":{"0":{"start":{"line":5,"column":30},"end":{"line":19,"column":1}},"1":{"start":{"line":6,"column":2},"end":{"line":18,"column":5}},"2":{"start":{"line":7,"column":4},"end":{"line":17,"column":5}},"3":{"start":{"line":8,"column":18},"end":{"line":8,"column":34}},"4":{"start":{"line":9,"column":23},"end":{"line":11,"column":32}},"5":{"start":{"line":11,"column":23},"end":{"line":11,"column":31}},"6":{"start":{"line":13,"column":28},"end":{"line":13,"column":44}},"7":{"start":{"line":14,"column":6},"end":{"line":14,"column":36}},"8":{"start":{"line":16,"column":6},"end":{"line":16,"column":25}}},"fnMap":{"0":{"name":"(anonymous_0)","decl":{"start":{"line":5,"column":30},"end":{"line":5,"column":31}},"loc":{"start":{"line":5,"column":46},"end":{"line":19,"column":1}},"line":5},"1":{"name":"(anonymous_1)","decl":{"start":{"line":6,"column":21},"end":{"line":6,"column":22}},"loc":{"start":{"line":6,"column":48},"end":{"line":18,"column":3}},"line":6},"2":{"name":"(anonymous_2)","decl":{"start":{"line":11,"column":14},"end":{"line":11,"column":15}},"loc":{"start":{"line":11,"column":23},"end":{"line":11,"column":31}},"line":11}},"branchMap":{},"s":{"0":1,"1":0,"2":0,"3":0,"4":0,"5":0,"6":0,"7":0,"8":0},"f":{"0":0,"1":0,"2":0},"b":{},"_coverageSchema":"43e27e138ebf9cfc5966b082cf9a028302ed4184","hash":"9ac7e10f66e1499fa9a5f8f17b2fe0abf2ce2fbf"}
}
