TN:
SF:E:\Project\itune_app\mocks\fileMock.js
FNF:0
FNH:0
LF:0
LH:0
BRF:0
BRH:0
end_of_record
TN:
SF:E:\Project\itune_app\src\Constants\constants.js
FNF:0
FNH:0
DA:1,6
DA:2,6
DA:3,6
LF:3
LH:3
BRF:0
BRH:0
end_of_record
TN:
SF:E:\Project\itune_app\src\Helpers\actions.js
FN:3,(anonymous_0)
FN:8,(anonymous_1)
FN:13,(anonymous_2)
FN:18,(anonymous_3)
FNF:4
FNH:3
FNDA:6,(anonymous_0)
FNDA:3,(anonymous_1)
FNDA:1,(anonymous_2)
FNDA:0,(anonymous_3)
DA:3,6
DA:8,3
DA:13,2
DA:18,2
LF:4
LH:4
BRF:0
BRH:0
end_of_record
TN:
SF:E:\Project\itune_app\src\Helpers\helpers.js
FN:3,(anonymous_0)
FN:6,(anonymous_1)
FN:8,(anonymous_2)
FN:9,(anonymous_3)
FNF:4
FNH:3
FNDA:3,(anonymous_0)
FNDA:0,(anonymous_1)
FNDA:3,(anonymous_2)
FNDA:9,(anonymous_3)
DA:3,5
DA:4,3
DA:6,5
DA:8,5
DA:9,9
LF:5
LH:5
BRDA:4,0,0,3
BRDA:4,0,1,2
BRF:2
BRH:2
end_of_record
TN:
SF:E:\Project\itune_app\src\LayoutComponents\Body.js
FN:9,(anonymous_0)
FN:31,(anonymous_1)
FNF:2
FNH:1
FNDA:5,(anonymous_0)
FNDA:0,(anonymous_1)
DA:9,1
DA:10,5
DA:32,0
DA:33,0
DA:34,0
LF:5
LH:2
BRDA:11,0,0,5
BRDA:11,0,1,0
BRDA:12,1,0,2
BRDA:12,1,1,3
BRDA:12,2,0,5
BRDA:12,2,1,2
BRDA:12,2,2,2
BRDA:14,3,0,1
BRDA:14,3,1,2
BRDA:20,4,0,0
BRDA:20,4,1,2
BRDA:20,5,0,2
BRDA:20,5,1,0
BRF:13
BRH:10
end_of_record
TN:
SF:E:\Project\itune_app\src\LayoutComponents\BodyComponents\EmptyMessage.js
FN:4,(anonymous_0)
FNF:1
FNH:1
FNDA:1,(anonymous_0)
DA:4,2
DA:5,1
LF:2
LH:2
BRF:0
BRH:0
end_of_record
TN:
SF:E:\Project\itune_app\src\LayoutComponents\BodyComponents\ErrorMessage.js
FN:4,(anonymous_0)
FNF:1
FNH:1
FNDA:1,(anonymous_0)
DA:4,1
LF:1
LH:1
BRF:0
BRH:0
end_of_record
TN:
SF:E:\Project\itune_app\src\LayoutComponents\BodyComponents\Grid.js
FN:5,(anonymous_0)
FN:10,(anonymous_1)
FNF:2
FNH:2
FNDA:2,(anonymous_0)
FNDA:8,(anonymous_1)
DA:5,1
DA:6,2
DA:10,8
LF:3
LH:3
BRDA:5,0,0,0
BRF:1
BRH:0
end_of_record
TN:
SF:E:\Project\itune_app\src\LayoutComponents\BodyComponents\GridItem.js
FN:6,(anonymous_0)
FN:9,(anonymous_1)
FNF:2
FNH:1
FNDA:11,(anonymous_0)
FNDA:0,(anonymous_1)
DA:6,2
DA:7,11
DA:9,0
LF:3
LH:2
BRDA:12,0,0,11
BRDA:12,0,1,10
BRF:2
BRH:2
end_of_record
TN:
SF:E:\Project\itune_app\src\LayoutComponents\BodyComponents\Loader.js
FN:5,(anonymous_0)
FNF:1
FNH:0
FNDA:0,(anonymous_0)
DA:5,1
DA:6,0
LF:2
LH:1
BRF:0
BRH:0
end_of_record
TN:
SF:E:\Project\itune_app\src\LayoutComponents\BodyComponents\WelcomeMessage.js
FN:3,(anonymous_0)
FNF:1
FNH:1
FNDA:2,(anonymous_0)
DA:3,1
DA:4,2
LF:2
LH:2
BRF:0
BRH:0
end_of_record
TN:
SF:E:\Project\itune_app\src\LayoutComponents\HeaderComponents\SearchBar.js
FN:11,(anonymous_0)
FN:17,(anonymous_1)
FN:18,(anonymous_2)
FN:27,(anonymous_3)
FN:32,(anonymous_4)
FN:33,(anonymous_5)
FN:38,(anonymous_6)
FNF:7
FNH:3
FNDA:3,(anonymous_0)
FNDA:1,(anonymous_1)
FNDA:1,(anonymous_2)
FNDA:0,(anonymous_3)
FNDA:0,(anonymous_4)
FNDA:0,(anonymous_5)
FNDA:0,(anonymous_6)
DA:9,1
DA:11,1
DA:12,3
DA:17,1
DA:18,1
DA:27,1
DA:28,0
DA:29,0
DA:32,1
DA:34,0
DA:39,0
DA:40,0
LF:12
LH:7
BRDA:39,0,0,0
BRDA:39,0,1,0
BRF:2
BRH:0
end_of_record
TN:
SF:E:\Project\itune_app\src\Reducers\actionTypes.js
FNF:0
FNH:0
DA:1,3
LF:1
LH:1
BRF:0
BRH:0
end_of_record
TN:
SF:E:\Project\itune_app\src\Sagas\saga.js
FN:13,fetchSongsWorker
FN:30,fetchSongsWatcher
FNF:2
FNH:2
FNDA:3,fetchSongsWorker
FNDA:1,fetchSongsWatcher
DA:14,3
DA:15,3
DA:16,3
DA:17,2
DA:18,1
DA:19,1
DA:20,0
DA:21,0
DA:23,0
DA:25,0
DA:26,0
DA:31,1
LF:12
LH:7
BRDA:20,0,0,0
BRDA:20,0,1,0
BRDA:20,1,0,0
BRDA:20,1,1,0
BRF:4
BRH:0
end_of_record
TN:
SF:E:\Project\itune_app\src\Sagas\sagaActionTypes.js
FNF:0
FNH:0
DA:1,2
LF:1
LH:1
BRF:0
BRH:0
end_of_record
TN:
SF:E:\Project\itune_app\src\Services\songs.js
FN:5,(anonymous_0)
FN:6,(anonymous_1)
FN:11,(anonymous_2)
FNF:3
FNH:0
FNDA:0,(anonymous_0)
FNDA:0,(anonymous_1)
FNDA:0,(anonymous_2)
DA:5,1
DA:6,0
DA:7,0
DA:8,0
DA:9,0
DA:11,0
DA:13,0
DA:14,0
DA:16,0
LF:9
LH:1
BRF:0
BRH:0
end_of_record
